
17:59:32.050 [info] Loading 46 CA(s) from :otp store

17:59:33.661 id=0 [debug] handled request client -> server initialize in 1222ms

17:59:33.705 [debug] sent notification server -> client window/logMessage

17:59:33.786 [debug] sent notification server -> client window/logMessage

17:59:33.786 id=130 [debug] sent request server -> client client/registerCapability

17:59:33.786 [info] [extension] Credo initializing with options %NextLS.InitOpts.Extensions.Credo{enable: true, cli_options: []}

17:59:34.002 [debug] sent notification server -> client window/logMessage

17:59:34.039 id=194 [debug] sent request server -> client window/workDoneProgress/create

17:59:34.108 [debug] sent notification server -> client $/progress

17:59:34.327 [debug] sent notification server -> client window/logMessage

17:59:34.327 [info] Beginning DB migration...

17:59:34.530 [debug] sent notification server -> client window/logMessage

17:59:34.530 [info] Database is being upgraded from version 0 to 6.

This will trigger a full recompilation in order to re-index your codebase.


17:59:34.535 [debug] sent notification server -> client window/logMessage

17:59:34.535 [info] Finished DB migration...

17:59:34.584 [debug] sent notification server -> client window/logMessage

17:59:34.584 [error] LSP Exited.

Last message received: handle_notification %{"jsonrpc" => "2.0", "method" => "initialized", "params" => %{}}

** (MatchError) no match of right hand side value: {:error, {:shutdown, {:failed_to_start_child, NextLS.Runtime, {:badarg, [{NextLS.Runtime, :init, 1, [file: ~c"lib/next_ls/runtime.ex", line: 120, error_info: %{cause: {1, :binary, :type, nil}, function: :format_bs_fail, module: :erl_erts_errors}]}, {:gen_server, :init_it, 2, [file: ~c"gen_server.erl", line: 980]}, {:gen_server, :init_it, 6, [file: ~c"gen_server.erl", line: 935]}, {:proc_lib, :init_p_do_apply, 3, [file: ~c"proc_lib.erl", line: 241]}]}}}}
    (next_ls 0.20.2) lib/next_ls.ex:825: anonymous fn/4 in NextLS.handle_notification/2
    (elixir 1.17.0-dev) lib/enum.ex:2527: Enum."-reduce/3-lists^foldl/2-0-"/3
    (next_ls 0.20.2) lib/next_ls.ex:820: NextLS.handle_notification/2
    (gen_lsp 0.8.1) lib/gen_lsp.ex:341: anonymous fn/2 in GenLSP.loop/3
    (telemetry 1.2.1) /Users/runner/work/next-ls/next-ls/deps/telemetry/src/telemetry.erl:321: :telemetry.span/3
    (gen_lsp 0.8.1) lib/gen_lsp.ex:340: anonymous fn/5 in GenLSP.loop/3
    (gen_lsp 0.8.1) lib/gen_lsp.ex:397: GenLSP.attempt/4
    (stdlib 5.2) proc_lib.erl:241: :proc_lib.init_p_do_apply/3




17:59:34.585 [debug] sent notification server -> client window/logMessage

17:59:34.585 [error] LSP Exited.

Last message received: handle_request %{"id" => 0, "jsonrpc" => "2.0", "method" => "initialize", "params" => %{"capabilities" => %{"general" => %{"markdown" => %{"parser" => "marked", "version" => "1.1.0"}, "positionEncodings" => ["utf-16"], "regularExpressions" => %{"engine" => "ECMAScript", "version" => "ES2020"}, "staleRequestSupport" => %{"cancel" => true, "retryOnContentModified" => ["textDocument/semanticTokens/full", "textDocument/semanticTokens/range", "textDocument/semanticTokens/full/delta"]}}, "notebookDocument" => %{"synchronization" => %{"dynamicRegistration" => true, "executionSummarySupport" => true}}, "textDocument" => %{"callHierarchy" => %{"dynamicRegistration" => true}, "codeAction" => %{"codeActionLiteralSupport" => %{"codeActionKind" => %{"valueSet" => ["", "quickfix", "refactor", "refactor.extract", "refactor.inline", "refactor.rewrite", "source", "source.organizeImports"]}}, "dataSupport" => true, "disabledSupport" => true, "dynamicRegistration" => true, "honorsChangeAnnotations" => true, "isPreferredSupport" => true, "resolveSupport" => %{"properties" => ["edit"]}}, "codeLens" => %{"dynamicRegistration" => true}, "colorProvider" => %{"dynamicRegistration" => true}, "completion" => %{"completionItem" => %{"commitCharactersSupport" => true, "deprecatedSupport" => true, "documentationFormat" => ["markdown", "plaintext"], "insertReplaceSupport" => true, "insertTextModeSupport" => %{"valueSet" => [1, 2]}, "labelDetailsSupport" => true, "preselectSupport" => true, "resolveSupport" => %{"properties" => ["documentation", "detail", "additionalTextEdits"]}, "snippetSupport" => true, "tagSupport" => %{"valueSet" => [1]}}, "completionItemKind" => %{"valueSet" => [1, 2, 3, 4, 5, 6, 7, 8, 9, 10, 11, 12, 13, 14, 15, 16, 17, 18, 19, 20, 21, 22, 23, 24, 25]}, "completionList" => %{"itemDefaults" => ["commitCharacters", "editRange", "insertTextFormat", "insertTextMode", "data"]}, "contextSupport" => true, "dynamicRegistration" => true, "insertTextMode" => 2}, "declaration" => %{"dynamicRegistration" => true, "linkSupport" => true}, "definition" => %{"dynamicRegistration" => true, "linkSupport" => true}, "diagnostic" => %{"dynamicRegistration" => true, "relatedDocumentSupport" => false}, "documentHighlight" => %{"dynamicRegistration" => true}, "documentLink" => %{"dynamicRegistration" => true, "tooltipSupport" => true}, "documentSymbol" => %{"dynamicRegistration" => true, "hierarchicalDocumentSymbolSupport" => true, "labelSupport" => true, "symbolKind" => %{"valueSet" => [1, 2, 3, 4, 5, 6, 7, 8, 9, 10, 11, 12, 13, 14, 15, 16, 17, 18, 19, 20, 21, 22, 23, 24, 25, 26]}, "tagSupport" => %{"valueSet" => [1]}}, "foldingRange" => %{"dynamicRegistration" => true, "foldingRange" => %{"collapsedText" => false}, "foldingRangeKind" => %{"valueSet" => ["comment", "imports", "region"]}, "lineFoldingOnly" => true, "rangeLimit" => 5000}, "formatting" => %{"dynamicRegistration" => true}, "hover" => %{"contentFormat" => ["markdown", "plaintext"], "dynamicRegistration" => true}, "implementation" => %{"dynamicRegistration" => true, "linkSupport" => true}, "inlayHint" => %{"dynamicRegistration" => true, "resolveSupport" => %{"properties" => ["tooltip", "textEdits", "label.tooltip", "label.location", "label.command"]}}, "inlineValue" => %{"dynamicRegistration" => true}, "linkedEditingRange" => %{"dynamicRegistration" => true}, "onTypeFormatting" => %{"dynamicRegistration" => true}, "publishDiagnostics" => %{"codeDescriptionSupport" => true, "dataSupport" => true, "relatedInformation" => true, "tagSupport" => %{"valueSet" => [1, 2]}, "versionSupport" => false}, "rangeFormatting" => %{"dynamicRegistration" => true, "rangesSupport" => true}, "references" => %{"dynamicRegistration" => true}, "rename" => %{"dynamicRegistration" => true, "honorsChangeAnnotations" => true, "prepareSupport" => true, "prepareSupportDefaultBehavior" => 1}, "selectionRange" => %{"dynamicRegistration" => true}, "semanticTokens" => %{"augmentsSyntaxTokens" => true, "dynamicRegistration" => true, "formats" => ["relative"], "multilineTokenSupport" => false, "overlappingTokenSupport" => false, "requests" => %{"full" => %{"delta" => true}, "range" => true}, "serverCancelSupport" => true, "tokenModifiers" => ["declaration", "definition", "readonly", "static", "deprecated", "abstract", "async", "modification", "documentation", ...], "tokenTypes" => ["namespace", "type", "class", "enum", "interface", "struct", "typeParameter", "parameter", ...]}, "signatureHelp" => %{"contextSupport" => true, "dynamicRegistration" => true, "signatureInformation" => %{"activeParameterSupport" => true, "documentationFormat" => ["markdown", "plaintext"], "parameterInformation" => %{"labelOffsetSupport" => true}}}, "synchronization" => %{"didSave" => true, "dynamicRegistration" => true, "willSave" => true, "willSaveWaitUntil" => true}, "typeDefinition" => %{"dynamicRegistration" => true, "linkSupport" => true}, "typeHierarchy" => %{"dynamicRegistration" => true}}, "window" => %{"showDocument" => %{"support" => true}, "showMessage" => %{"messageActionItem" => %{"additionalPropertiesSupport" => true}}, "workDoneProgress" => true}, "workspace" => %{"applyEdit" => true, "codeLens" => %{"refreshSupport" => true}, "configuration" => true, "diagnostics" => %{"refreshSupport" => true}, "didChangeConfiguration" => %{"dynamicRegistration" => true}, "didChangeWatchedFiles" => %{"dynamicRegistration" => true, "relativePatternSupport" => true}, "executeCommand" => %{"dynamicRegistration" => true}, "fileOperations" => %{"didCreate" => true, "didDelete" => true, "didRename" => true, "dynamicRegistration" => true, "willCreate" => true, "willDelete" => true, "willRename" => true}, "foldingRange" => %{"refreshSupport" => true}, "inlayHint" => %{"refreshSupport" => true}, "inlineValue" => %{"refreshSupport" => true}, "semanticTokens" => %{"refreshSupport" => true}, "symbol" => %{"dynamicRegistration" => true, "resolveSupport" => %{"properties" => ["location.range"]}, "symbolKind" => %{"valueSet" => [1, 2, 3, 4, 5, 6, 7, 8, 9, 10, 11, 12, 13, 14, 15, 16, 17, 18, 19, 20, 21, 22, 23, ...]}, "tagSupport" => %{"valueSet" => [1]}}, "workspaceEdit" => %{"changeAnnotationSupport" => %{"groupsOnLabel" => true}, "documentChanges" => true, "failureHandling" => "textOnlyTransactional", "normalizesLineEndings" => true, "resourceOperations" => ["create", "rename", "delete"]}, "workspaceFolders" => true}}, "clientInfo" => %{"name" => "Visual Studio Code", "version" => "1.88.1"}, "initializationOptions" => %{"experimental" => %{"completions" => %{"enable" => false}}, "extensions" => %{"credo" => %{"cli_options" => [], "enable" => true}}, "mix_env" => "dev", "mix_target" => "host"}, "locale" => "en", "processId" => 7752, "rootPath" => "c:\\Users\\quart\\elixir_projects\\makeup_java", "rootUri" => "file:///c%3A/Users/quart/elixir_projects/makeup_java", "trace" => "off", "workspaceFolders" => [%{"name" => "makeup_java", "uri" => "file:///c%3A/Users/quart/elixir_projects/makeup_java"}]}}

** (MatchError) no match of right hand side value: {:error, {:shutdown, {:failed_to_start_child, NextLS.Runtime, {:badarg, [{NextLS.Runtime, :init, 1, [file: ~c"lib/next_ls/runtime.ex", line: 120, error_info: %{cause: {1, :binary, :type, nil}, function: :format_bs_fail, module: :erl_erts_errors}]}, {:gen_server, :init_it, 2, [file: ~c"gen_server.erl", line: 980]}, {:gen_server, :init_it, 6, [file: ~c"gen_server.erl", line: 935]}, {:proc_lib, :init_p_do_apply, 3, [file: ~c"proc_lib.erl", line: 241]}]}}}}
    (next_ls 0.20.2) lib/next_ls.ex:825: anonymous fn/4 in NextLS.handle_notification/2
    (elixir 1.17.0-dev) lib/enum.ex:2527: Enum."-reduce/3-lists^foldl/2-0-"/3
    (next_ls 0.20.2) lib/next_ls.ex:820: NextLS.handle_notification/2
    (gen_lsp 0.8.1) lib/gen_lsp.ex:341: anonymous fn/2 in GenLSP.loop/3
    (telemetry 1.2.1) /Users/runner/work/next-ls/next-ls/deps/telemetry/src/telemetry.erl:321: :telemetry.span/3
    (gen_lsp 0.8.1) lib/gen_lsp.ex:340: anonymous fn/5 in GenLSP.loop/3
    (gen_lsp 0.8.1) lib/gen_lsp.ex:397: GenLSP.attempt/4
    (stdlib 5. (truncated)
